<?xml version="1.0" encoding="UTF-8"?>
<testng-results skipped="0" failed="1" ignored="0" total="3" passed="2">
  <reporter-output>
  </reporter-output>
  <suite name="Suite" duration-ms="95164" started-at="2020-01-14T16:27:34Z" finished-at="2020-01-14T16:29:09Z">
    <groups>
    </groups>
    <test name="Test1" duration-ms="25970" started-at="2020-01-14T16:27:34Z" finished-at="2020-01-14T16:28:00Z">
      <class name="mavenUdemy.ValidateTitle">
        <test-method status="PASS" signature="initialize()[pri:0, instance:mavenUdemy.ValidateTitle@65e2dbf3]" name="initialize" is-config="true" duration-ms="21134" started-at="2020-01-14T16:27:34Z" finished-at="2020-01-14T16:27:55Z">
          <reporter-output>
          </reporter-output>
        </test-method> <!-- initialize -->
        <test-method status="FAIL" signature="basePagenavigation()[pri:0, instance:mavenUdemy.ValidateTitle@65e2dbf3]" name="basePagenavigation" duration-ms="63" started-at="2020-01-14T16:27:55Z" finished-at="2020-01-14T16:27:55Z">
          <exception class="java.lang.AssertionError">
            <message>
              <![CDATA[expected [FEATURED  COURSES] but found [FEATURED COURSES]]]>
            </message>
            <full-stacktrace>
              <![CDATA[java.lang.AssertionError: expected [FEATURED  COURSES] but found [FEATURED COURSES]
at org.testng.Assert.fail(Assert.java:96)
at org.testng.Assert.failNotEquals(Assert.java:776)
at org.testng.Assert.assertEqualsImpl(Assert.java:137)
at org.testng.Assert.assertEquals(Assert.java:118)
at org.testng.Assert.assertEquals(Assert.java:453)
at org.testng.Assert.assertEquals(Assert.java:463)
at mavenUdemy.ValidateTitle.basePagenavigation(ValidateTitle.java:35)
at sun.reflect.NativeMethodAccessorImpl.invoke0(Native Method)
at sun.reflect.NativeMethodAccessorImpl.invoke(NativeMethodAccessorImpl.java:62)
at sun.reflect.DelegatingMethodAccessorImpl.invoke(DelegatingMethodAccessorImpl.java:43)
at java.lang.reflect.Method.invoke(Method.java:498)
at org.testng.internal.MethodInvocationHelper.invokeMethod(MethodInvocationHelper.java:124)
at org.testng.internal.Invoker.invokeMethod(Invoker.java:583)
at org.testng.internal.Invoker.invokeTestMethod(Invoker.java:719)
at org.testng.internal.Invoker.invokeTestMethods(Invoker.java:989)
at org.testng.internal.TestMethodWorker.invokeTestMethods(TestMethodWorker.java:125)
at org.testng.internal.TestMethodWorker.run(TestMethodWorker.java:109)
at org.testng.TestRunner.privateRun(TestRunner.java:648)
at org.testng.TestRunner.run(TestRunner.java:505)
at org.testng.SuiteRunner.runTest(SuiteRunner.java:455)
at org.testng.SuiteRunner.runSequentially(SuiteRunner.java:450)
at org.testng.SuiteRunner.privateRun(SuiteRunner.java:415)
at org.testng.SuiteRunner.run(SuiteRunner.java:364)
at org.testng.SuiteRunnerWorker.runSuite(SuiteRunnerWorker.java:52)
at org.testng.SuiteRunnerWorker.run(SuiteRunnerWorker.java:84)
at org.testng.TestNG.runSuitesSequentially(TestNG.java:1208)
at org.testng.TestNG.runSuitesLocally(TestNG.java:1137)
at org.testng.TestNG.runSuites(TestNG.java:1049)
at org.testng.TestNG.run(TestNG.java:1017)
at org.testng.remote.AbstractRemoteTestNG.run(AbstractRemoteTestNG.java:114)
at org.testng.remote.RemoteTestNG.initAndRun(RemoteTestNG.java:251)
at org.testng.remote.RemoteTestNG.main(RemoteTestNG.java:77)
]]>
            </full-stacktrace>
          </exception> <!-- java.lang.AssertionError -->
          <reporter-output>
          </reporter-output>
        </test-method> <!-- basePagenavigation -->
        <test-method status="PASS" signature="tearDown()[pri:0, instance:mavenUdemy.ValidateTitle@65e2dbf3]" name="tearDown" is-config="true" duration-ms="4093" started-at="2020-01-14T16:27:56Z" finished-at="2020-01-14T16:28:00Z">
          <reporter-output>
          </reporter-output>
        </test-method> <!-- tearDown -->
      </class> <!-- mavenUdemy.ValidateTitle -->
    </test> <!-- Test1 -->
    <test name="Test2" duration-ms="32894" started-at="2020-01-14T16:28:00Z" finished-at="2020-01-14T16:28:33Z">
      <class name="mavenUdemy.ValidateNavBar">
        <test-method status="PASS" signature="initialize()[pri:0, instance:mavenUdemy.ValidateNavBar@6737fd8f]" name="initialize" is-config="true" duration-ms="20850" started-at="2020-01-14T16:28:00Z" finished-at="2020-01-14T16:28:21Z">
          <reporter-output>
          </reporter-output>
        </test-method> <!-- initialize -->
        <test-method status="PASS" signature="basePagenavigation()[pri:0, instance:mavenUdemy.ValidateNavBar@6737fd8f]" name="basePagenavigation" duration-ms="11927" started-at="2020-01-14T16:28:21Z" finished-at="2020-01-14T16:28:33Z">
          <reporter-output>
          </reporter-output>
        </test-method> <!-- basePagenavigation -->
        <test-method status="PASS" signature="tearDown()[pri:0, instance:mavenUdemy.ValidateNavBar@6737fd8f]" name="tearDown" is-config="true" duration-ms="110" started-at="2020-01-14T16:28:33Z" finished-at="2020-01-14T16:28:33Z">
          <reporter-output>
          </reporter-output>
        </test-method> <!-- tearDown -->
      </class> <!-- mavenUdemy.ValidateNavBar -->
    </test> <!-- Test2 -->
    <test name="Test3" duration-ms="36178" started-at="2020-01-14T16:28:33Z" finished-at="2020-01-14T16:29:09Z">
      <class name="mavenUdemy.HomePage">
        <test-method status="PASS" signature="initialize()[pri:0, instance:mavenUdemy.HomePage@6c49835d]" name="initialize" is-config="true" duration-ms="21652" started-at="2020-01-14T16:28:33Z" finished-at="2020-01-14T16:28:54Z">
          <reporter-output>
          </reporter-output>
        </test-method> <!-- initialize -->
        <test-method status="PASS" signature="basePagenavigation(java.lang.String, java.lang.String)[pri:0, instance:mavenUdemy.HomePage@6c49835d]" name="basePagenavigation" duration-ms="14410" started-at="2020-01-14T16:28:54Z" data-provider="getData" finished-at="2020-01-14T16:29:09Z">
          <params>
            <param index="0">
              <value>
                <![CDATA[Abhishek@email.com]]>
              </value>
            </param>
            <param index="1">
              <value>
                <![CDATA[bhishek]]>
              </value>
            </param>
          </params>
          <reporter-output>
          </reporter-output>
        </test-method> <!-- basePagenavigation -->
        <test-method status="PASS" signature="tearDown()[pri:0, instance:mavenUdemy.HomePage@6c49835d]" name="tearDown" is-config="true" duration-ms="101" started-at="2020-01-14T16:29:09Z" finished-at="2020-01-14T16:29:09Z">
          <reporter-output>
          </reporter-output>
        </test-method> <!-- tearDown -->
      </class> <!-- mavenUdemy.HomePage -->
    </test> <!-- Test3 -->
  </suite> <!-- Suite -->
</testng-results>
